# JRE version: Java(TM) SE Runtime Environment (19.0.1+10) (build 19.0.1+10-21)
# Java VM: Java HotSpot(TM) 64-Bit Server VM (19.0.1+10-21, mixed mode, sharing, tiered, compressed oops, compressed class ptrs, g1 gc, windows-amd64)
GC Precious Log:
 CardTable entry size: 512
 Card Set container configuration: InlinePtr #cards 5 size 8 Array Of Cards #cards 12 size 40 Howl #buckets 4 coarsen threshold 1843 Howl Bitmap #cards 512 size 80 coarsen threshold 460 Card regions per heap region 1 cards per card region 2048
 CPUs: 4 total, 4 available
 Memory: 8094M
 Large Page Support: Disabled
 NUMA Support: Disabled
 Compressed Oops: Enabled (32-bit)
 Heap Region Size: 1M
 Heap Min Capacity: 8M
 Heap Initial Capacity: 128M
 Heap Max Capacity: 2024M
 Pre-touch: Disabled
 Parallel Workers: 4
 Concurrent Workers: 1
 Concurrent Refinement Workers: 4
 Periodic GC: Disabled
Heap:
 garbage-first heap   total 51200K, used 35798K [0x0000000081800000, 0x0000000100000000)
  region size 1024K, 17 young (17408K), 1 survivors (1024K)
 Metaspace       used 50543K, committed 51008K, reserved 1114112K
  class space    used 6953K, committed 7168K, reserved 1048576K
GC Heap History (20 events):
Event: 0.785 GC heap before
{Heap before GC invocations=0 (full 0):
 garbage-first heap   total 131072K, used 13312K [0x0000000081800000, 0x0000000100000000)
  region size 1024K, 13 young (13312K), 0 survivors (0K)
 Metaspace       used 855K, committed 1024K, reserved 1114112K
  class space    used 65K, committed 128K, reserved 1048576K
}
Event: 0.790 GC heap after
{Heap after GC invocations=1 (full 0):
 garbage-first heap   total 131072K, used 3093K [0x0000000081800000, 0x0000000100000000)
  region size 1024K, 2 young (2048K), 2 survivors (2048K)
 Metaspace       used 855K, committed 1024K, reserved 1114112K
  class space    used 65K, committed 128K, reserved 1048576K
}
Event: 3.144 GC heap before
{Heap before GC invocations=1 (full 0):
 garbage-first heap   total 131072K, used 20501K [0x0000000081800000, 0x0000000100000000)
  region size 1024K, 19 young (19456K), 2 survivors (2048K)
 Metaspace       used 5574K, committed 5760K, reserved 1114112K
  class space    used 594K, committed 704K, reserved 1048576K
}
Event: 3.153 GC heap after
{Heap after GC invocations=2 (full 0):
 garbage-first heap   total 131072K, used 6266K [0x0000000081800000, 0x0000000100000000)
  region size 1024K, 3 young (3072K), 3 survivors (3072K)
 Metaspace       used 5574K, committed 5760K, reserved 1114112K
  class space    used 594K, committed 704K, reserved 1048576K
}
Event: 14.945 GC heap before
{Heap before GC invocations=2 (full 0):
 garbage-first heap   total 131072K, used 66682K [0x0000000081800000, 0x0000000100000000)
  region size 1024K, 64 young (65536K), 3 survivors (3072K)
 Metaspace       used 21140K, committed 21504K, reserved 1114112K
  class space    used 3069K, committed 3264K, reserved 1048576K
}
Event: 14.967 GC heap after
{Heap after GC invocations=3 (full 0):
 garbage-first heap   total 131072K, used 14006K [0x0000000081800000, 0x0000000100000000)
  region size 1024K, 10 young (10240K), 10 survivors (10240K)
 Metaspace       used 21140K, committed 21504K, reserved 1114112K
  class space    used 3069K, committed 3264K, reserved 1048576K
}
Event: 25.034 GC heap before
{Heap before GC invocations=4 (full 0):
 garbage-first heap   total 51200K, used 36534K [0x0000000081800000, 0x0000000100000000)
  region size 1024K, 30 young (30720K), 10 survivors (10240K)
 Metaspace       used 29193K, committed 29632K, reserved 1114112K
  class space    used 3941K, committed 4160K, reserved 1048576K
}
Event: 25.050 GC heap after
{Heap after GC invocations=5 (full 0):
 garbage-first heap   total 51200K, used 17969K [0x0000000081800000, 0x0000000100000000)
  region size 1024K, 3 young (3072K), 3 survivors (3072K)
 Metaspace       used 29193K, committed 29632K, reserved 1114112K
  class space    used 3941K, committed 4160K, reserved 1048576K
}
Event: 25.070 GC heap before
{Heap before GC invocations=5 (full 0):
 garbage-first heap   total 51200K, used 18993K [0x0000000081800000, 0x0000000100000000)
  region size 1024K, 4 young (4096K), 3 survivors (3072K)
 Metaspace       used 29448K, committed 29888K, reserved 1114112K
  class space    used 3982K, committed 4224K, reserved 1048576K
}
Event: 25.073 GC heap after
{Heap after GC invocations=6 (full 0):
 garbage-first heap   total 51200K, used 18489K [0x0000000081800000, 0x0000000100000000)
  region size 1024K, 1 young (1024K), 1 survivors (1024K)
 Metaspace       used 29448K, committed 29888K, reserved 1114112K
  class space    used 3982K, committed 4224K, reserved 1048576K
}
Event: 26.097 GC heap before
{Heap before GC invocations=6 (full 0):
 garbage-first heap   total 51200K, used 35897K [0x0000000081800000, 0x0000000100000000)
  region size 1024K, 19 young (19456K), 1 survivors (1024K)
 Metaspace       used 33627K, committed 34112K, reserved 1114112K
  class space    used 4553K, committed 4800K, reserved 1048576K
}
Event: 26.100 GC heap after
{Heap after GC invocations=7 (full 0):
 garbage-first heap   total 51200K, used 19158K [0x0000000081800000, 0x0000000100000000)
  region size 1024K, 2 young (2048K), 2 survivors (2048K)
 Metaspace       used 33627K, committed 34112K, reserved 1114112K
  class space    used 4553K, committed 4800K, reserved 1048576K
}
Event: 26.315 GC heap before
{Heap before GC invocations=7 (full 0):
 garbage-first heap   total 51200K, used 26326K [0x0000000081800000, 0x0000000100000000)
  region size 1024K, 10 young (10240K), 2 survivors (2048K)
 Metaspace       used 35672K, committed 36096K, reserved 1114112K
  class space    used 4746K, committed 4992K, reserved 1048576K
}
Event: 26.319 GC heap after
{Heap after GC invocations=8 (full 0):
 garbage-first heap   total 51200K, used 19432K [0x0000000081800000, 0x0000000100000000)
  region size 1024K, 2 young (2048K), 2 survivors (2048K)
 Metaspace       used 35672K, committed 36096K, reserved 1114112K
  class space    used 4746K, committed 4992K, reserved 1048576K
}
Event: 27.085 GC heap before
{Heap before GC invocations=9 (full 0):
 garbage-first heap   total 51200K, used 37864K [0x0000000081800000, 0x0000000100000000)
  region size 1024K, 21 young (21504K), 2 survivors (2048K)
 Metaspace       used 41092K, committed 41600K, reserved 1114112K
  class space    used 5454K, committed 5696K, reserved 1048576K
}
Event: 27.089 GC heap after
{Heap after GC invocations=10 (full 0):
 garbage-first heap   total 51200K, used 20281K [0x0000000081800000, 0x0000000100000000)
  region size 1024K, 3 young (3072K), 3 survivors (3072K)
 Metaspace       used 41092K, committed 41600K, reserved 1114112K
  class space    used 5454K, committed 5696K, reserved 1048576K
}
Event: 27.116 GC heap before
{Heap before GC invocations=10 (full 0):
 garbage-first heap   total 51200K, used 21305K [0x0000000081800000, 0x0000000100000000)
  region size 1024K, 4 young (4096K), 3 survivors (3072K)
 Metaspace       used 41335K, committed 41792K, reserved 1114112K
  class space    used 5488K, committed 5696K, reserved 1048576K
}
Event: 27.121 GC heap after
{Heap after GC invocations=11 (full 0):
 garbage-first heap   total 51200K, used 20017K [0x0000000081800000, 0x0000000100000000)
  region size 1024K, 1 young (1024K), 1 survivors (1024K)
 Metaspace       used 41335K, committed 41792K, reserved 1114112K
  class space    used 5488K, committed 5696K, reserved 1048576K
}
Event: 28.006 GC heap before
{Heap before GC invocations=11 (full 0):
 garbage-first heap   total 51200K, used 38449K [0x0000000081800000, 0x0000000100000000)
  region size 1024K, 20 young (20480K), 1 survivors (1024K)
 Metaspace       used 47257K, committed 47680K, reserved 1114112K
  class space    used 6469K, committed 6656K, reserved 1048576K
}
Event: 28.009 GC heap after
{Heap after GC invocations=12 (full 0):
 garbage-first heap   total 51200K, used 20438K [0x0000000081800000, 0x0000000100000000)
  region size 1024K, 1 young (1024K), 1 survivors (1024K)
 Metaspace       used 47257K, committed 47680K, reserved 1114112K
  class space    used 6469K, committed 6656K, reserved 1048576K
}

